#
# A fatal error has been detected by the Java Runtime Environment:
#
#  EXCEPTION_ACCESS_VIOLATION (0xc0000005) at pc=0x000000007110b5db, pid=7164, tid=6560
#
# JRE version: Java(TM) SE Runtime Environment (21.0.1+12) (build 21.0.1+12-LTS-29)
# Java VM: Java HotSpot(TM) 64-Bit Server VM (21.0.1+12-LTS-29, mixed mode, sharing, tiered, compressed oops, compressed class ptrs, g1 gc, windows-amd64)
# Problematic frame:
# C  [jSSC-2.8_x86_64.dll+0xb5db]
#
# No core dump will be written. Minidumps are not enabled by default on client versions of Windows
#
# If you would like to submit a bug report, please visit:
#   https://bugreport.java.com/bugreport/crash.jsp
# The crash happened outside the Java Virtual Machine in native code.
# See problematic frame for where to report the bug.
#

---------------  S U M M A R Y ------------

Command Line: -javaagent:C:\Program Files\JetBrains\IntelliJ IDEA Community Edition 2023.2.4\lib\idea_rt.jar=63752:C:\Program Files\JetBrains\IntelliJ IDEA Community Edition 2023.2.4\bin -Dfile.encoding=UTF-8 -Dsun.stdout.encoding=UTF-8 -Dsun.stderr.encoding=UTF-8 SerialReader

Host: Intel(R) Core(TM) i3-7100U CPU @ 2.40GHz, 4 cores, 7G,  Windows 11 , 64 bit Build 22621 (10.0.22621.2506)
Time: Thu Nov 30 12:11:39 2023 India Standard Time elapsed time: 0.389736 seconds (0d 0h 0m 0s)

---------------  T H R E A D  ---------------

Current thread (0x000001720504cec0):  JavaThread "main"             [_thread_in_native, id=6560, stack(0x0000004e20f00000,0x0000004e21000000) (1024K)]

Stack: [0x0000004e20f00000,0x0000004e21000000],  sp=0x0000004e20fff400,  free space=1021k
Native frames: (J=compiled Java code, j=interpreted, Vv=VM code, C=native code)
C  [jSSC-2.8_x86_64.dll+0xb5db]

Java frames: (J=compiled Java code, j=interpreted, Vv=VM code)
j  jssc.SerialNativeInterface.openPort(Ljava/lang/String;Z)J+0
j  jssc.SerialPort.openPort()Z+65
j  SerialReader.main([Ljava/lang/String;)V+17
v  ~StubRoutines::call_stub 0x00000172149e100d

siginfo: EXCEPTION_ACCESS_VIOLATION (0xc0000005), reading address 0x000000000307ad72


Registers:
RAX=0x000000000307ad72, RBX=0x0000004e20fff470, RCX=0x00007ff9b4a6f554, RDX=0x0000000000000000
RSP=0x0000004e20fff400, RBP=0x0000004e20fff580, RSI=0x000001720504d278, RDI=0x0000000000000444
R8 =0x0000004e20fff2f8, R9 =0x0000004e20fff3f0, R10=0x0000000000000000, R11=0x0000000000000246
R12=0x0000004e20fff638, R13=0x0000017221361f40, R14=0x0000004e20fff530, R15=0x000001720504cec0
RIP=0x000000007110b5db, EFLAGS=0x0000000000010202


Register to memory mapping:

RAX=0x000000000307ad72 is an unknown value
RBX=0x0000004e20fff470 is pointing into the stack for thread: 0x000001720504cec0
RCX=0x00007ff9b4a6f554 ntdll.dll
RDX=0x0 is null
RSP=0x0000004e20fff400 is pointing into the stack for thread: 0x000001720504cec0
RBP=0x0000004e20fff580 is pointing into the stack for thread: 0x000001720504cec0
RSI=0x000001720504d278 points into unknown readable memory: 0x00007ff94903c600 | 00 c6 03 49 f9 7f 00 00
RDI=0x0000000000000444 is an unknown value
R8 =0x0000004e20fff2f8 is pointing into the stack for thread: 0x000001720504cec0
R9 =0x0000004e20fff3f0 is pointing into the stack for thread: 0x000001720504cec0
R10=0x0 is null
R11=0x0000000000000246 is an unknown value
R12=0x0000004e20fff638 is pointing into the stack for thread: 0x000001720504cec0
R13=0x0000017221361f40 points into unknown readable memory: 0x00003e000000005c | 5c 00 00 00 00 3e 00 00
R14=0x0000004e20fff530 is pointing into the stack for thread: 0x000001720504cec0
R15=0x000001720504cec0 is a thread

Top of Stack: (sp=0x0000004e20fff400)
0x0000004e20fff400:   0000000000000000 000001722118e9e0
0x0000004e20fff410:   000000007110b230 00007ff94853ea46
0x0000004e20fff420:   000001722155a7a0 0000000000000004
0x0000004e20fff430:   000001720504d278 0000000000000444
0x0000004e20fff440:   0000004e20fff580 0000000071112590
0x0000004e20fff450:   000001720504cec0 0000004e20fff530
0x0000004e20fff460:   0000017221361f40 0000004e20fff638
0x0000004e20fff470:   0000017221361f40 00007ff9b4a0ab11
0x0000004e20fff480:   0000017221361f30 0000017202e70000
0x0000004e20fff490:   0000004e20fff580 0000000000000000
0x0000004e20fff4a0:   0000000071113500 0000000071113be8
0x0000004e20fff4b0:   0000004e20fff4e0 0000000071112641
0x0000004e20fff4c0:   0000004e20fff450 000001720504d278
0x0000004e20fff4d0:   0000000000000000 0000000000000000
0x0000004e20fff4e0:   0000004e20fff580 0000000071101595
0x0000004e20fff4f0:   000000000000001c 0000004e00000000
0x0000004e20fff500:   0000000000000004 0000004e20fff580
0x0000004e20fff510:   0000017200000003 00007ff940000000
0x0000004e20fff520:   0000000000000000 0000000000000996
0x0000004e20fff530:   374d4f435c2e5c5c 000001720504ce00
0x0000004e20fff540:   000001005c2e5c5c 000001720504cec0
0x0000004e20fff550:   00000172634105c8 0000000000000061
0x0000004e20fff560:   00000172630145e8 0000000000000000
0x0000004e20fff570:   00000172634105c8 0000004e20fff640
0x0000004e20fff580:   0000004e20fff610 00000172149ece0b
0x0000004e20fff590:   00000172630145e8 00000172149ecaf7
0x0000004e20fff5a0:   00000172634105c8 0000000000000061
0x0000004e20fff5b0:   0000004e20fff630 00000172149e89b8
0x0000004e20fff5c0:   00000172149eca9f 0000004e20fff5c8
0x0000004e20fff5d0:   00000172634105c8 0000000000000006
0x0000004e20fff5e0:   00000172634114d0 0000000000000000
0x0000004e20fff5f0:   00000000893e4da8 00000172634105c8 

Instructions: (pc=0x000000007110b5db)
0x000000007110b4db:   48 85 c0 74 bf 44 8b 03 45 85 c0 0f 84 77 ff ff
0x000000007110b4eb:   ff eb 9f 66 90 e8 8b fe ff ff 48 89 05 0c 34 01
0x000000007110b4fb:   00 eb ad 66 90 e8 7b fe ff ff 48 89 05 fc 33 01
0x000000007110b50b:   00 eb 8b e8 8d fe ff ff c7 03 01 00 00 00 e9 6f
0x000000007110b51b:   ff ff ff 66 90 55 48 89 e5 56 53 48 83 ec 20 48
0x000000007110b52b:   8b 05 d7 33 01 00 48 8b 31 48 89 cb 48 85 c0 74
0x000000007110b53b:   56 44 8b 18 45 85 db 78 42 48 8b 05 bd 33 01 00
0x000000007110b54b:   48 85 c0 74 50 44 8b 10 45 85 d2 74 1d 48 89 f1
0x000000007110b55b:   e8 d0 fd ff ff 48 8b 13 48 8d 42 40 48 8b 48 08
0x000000007110b56b:   48 8b 6a 40 48 8b 60 10 ff e1 48 8b 05 9c 33 01
0x000000007110b57b:   00 48 85 c0 74 2d 48 89 30 eb da e8 b5 fe ff ff
0x000000007110b58b:   0f 1f 44 00 00 eb b2 e8 e9 fd ff ff 48 89 05 6a
0x000000007110b59b:   33 01 00 eb 9c e8 db fd ff ff 48 89 05 5c 33 01
0x000000007110b5ab:   00 eb a2 e8 3d fd ff ff 48 89 05 5e 33 01 00 eb
0x000000007110b5bb:   c5 0f 1f 40 00 55 57 56 53 48 83 ec 28 48 8b 05
0x000000007110b5cb:   39 33 01 00 48 89 cb 48 85 c0 0f 84 c5 00 00 00
0x000000007110b5db:   8b 38 85 ff 0f 88 ab 00 00 00 48 8b 05 1c 33 01
0x000000007110b5eb:   00 48 85 c0 0f 84 bc 00 00 00 8b 30 85 f6 74 57
0x000000007110b5fb:   48 8b 05 0e 33 01 00 48 85 c0 0f 84 e5 00 00 00
0x000000007110b60b:   8b 28 48 8b 35 10 5e 01 00 ff d6 89 c7 89 e9 ff
0x000000007110b61b:   15 f4 5e 01 00 89 f9 48 89 c5 ff 15 b9 5e 01 00
0x000000007110b62b:   48 8b 05 de 32 01 00 48 89 2b 48 85 c0 74 46 48
0x000000007110b63b:   89 da 8b 08 ff 15 d7 5e 01 00 85 c0 74 27 48 83
0x000000007110b64b:   c4 28 5b 5e 5f 5d c3 48 8b 05 bf 32 01 00 48 85
0x000000007110b65b:   c0 74 64 48 8b 10 48 89 13 48 89 18 48 83 c4 28
0x000000007110b66b:   5b 5e 5f 5d c3 48 89 f2 48 83 c4 28 5b 5e 5f 5d
0x000000007110b67b:   48 ff e2 66 90 e8 8b fc ff ff 48 89 05 84 32 01
0x000000007110b68b:   00 eb ac 66 90 e8 ab fd ff ff e9 4b ff ff ff 66
0x000000007110b69b:   0f 1f 44 00 00 e8 db fc ff ff 48 89 05 5c 32 01
0x000000007110b6ab:   00 e9 2a ff ff ff e8 ca fc ff ff 48 89 05 4b 32
0x000000007110b6bb:   01 00 e9 33 ff ff ff e8 29 fc ff ff 48 89 05 4a
0x000000007110b6cb:   32 01 00 48 8b 10 48 85 c0 48 89 13 75 8b e8 12 


Stack slot to memory mapping:

stack at sp + 0 slots: 0x0 is null
stack at sp + 1 slots: 0x000001722118e9e0 points into unknown readable memory: 0x0000017202ce12c0 | c0 12 ce 02 72 01 00 00
stack at sp + 2 slots: 0x000000007110b230 jSSC-2.8_x86_64.dll
stack at sp + 3 slots: 0x00007ff94853ea46 jvm.dll
stack at sp + 4 slots: 0x000001722155a7a0 points into unknown readable memory: 0x005c002e005c005c | 5c 00 5c 00 2e 00 5c 00
stack at sp + 5 slots: 0x0000000000000004 is an unknown value
stack at sp + 6 slots: 0x000001720504d278 points into unknown readable memory: 0x00007ff94903c600 | 00 c6 03 49 f9 7f 00 00
stack at sp + 7 slots: 0x0000000000000444 is an unknown value


---------------  P R O C E S S  ---------------

Threads class SMR info:
_java_thread_list=0x0000017221417c00, length=12, elements={
0x000001720504cec0, 0x0000017221122820, 0x00000172211245f0, 0x0000017221125cd0,
0x0000017221128740, 0x00000172211291a0, 0x0000017221129d30, 0x0000017221138110,
0x000001722115e780, 0x0000017221362260, 0x0000017221443660, 0x0000017221443cd0
}

Java Threads: ( => current thread )
=>0x000001720504cec0 JavaThread "main"                              [_thread_in_native, id=6560, stack(0x0000004e20f00000,0x0000004e21000000) (1024K)]
  0x0000017221122820 JavaThread "Reference Handler"          daemon [_thread_blocked, id=9292, stack(0x0000004e21700000,0x0000004e21800000) (1024K)]
  0x00000172211245f0 JavaThread "Finalizer"                  daemon [_thread_blocked, id=6696, stack(0x0000004e21800000,0x0000004e21900000) (1024K)]
  0x0000017221125cd0 JavaThread "Signal Dispatcher"          daemon [_thread_blocked, id=13556, stack(0x0000004e21900000,0x0000004e21a00000) (1024K)]
  0x0000017221128740 JavaThread "Attach Listener"            daemon [_thread_blocked, id=14580, stack(0x0000004e21a00000,0x0000004e21b00000) (1024K)]
  0x00000172211291a0 JavaThread "Service Thread"             daemon [_thread_blocked, id=2652, stack(0x0000004e21b00000,0x0000004e21c00000) (1024K)]
  0x0000017221129d30 JavaThread "Monitor Deflation Thread"   daemon [_thread_blocked, id=7852, stack(0x0000004e21c00000,0x0000004e21d00000) (1024K)]
  0x0000017221138110 JavaThread "C2 CompilerThread0"         daemon [_thread_blocked, id=9708, stack(0x0000004e21d00000,0x0000004e21e00000) (1024K)]
  0x000001722115e780 JavaThread "C1 CompilerThread0"         daemon [_thread_blocked, id=15208, stack(0x0000004e21e00000,0x0000004e21f00000) (1024K)]
  0x0000017221362260 JavaThread "Common-Cleaner"             daemon [_thread_blocked, id=13680, stack(0x0000004e21f00000,0x0000004e22000000) (1024K)]
  0x0000017221443660 JavaThread "Monitor Ctrl-Break"         daemon [_thread_in_native, id=12836, stack(0x0000004e22000000,0x0000004e22100000) (1024K)]
  0x0000017221443cd0 JavaThread "Notification Thread"        daemon [_thread_blocked, id=18120, stack(0x0000004e22100000,0x0000004e22200000) (1024K)]
Total: 12

Other Threads:
  0x0000017221103e60 VMThread "VM Thread"                           [id=18764, stack(0x0000004e21600000,0x0000004e21700000) (1024K)]
  0x00000172210ec860 WatcherThread "VM Periodic Task Thread"        [id=14340, stack(0x0000004e21500000,0x0000004e21600000) (1024K)]
  0x00000172050a4070 WorkerThread "GC Thread#0"                     [id=13952, stack(0x0000004e21000000,0x0000004e21100000) (1024K)]
  0x00000172050b57d0 ConcurrentGCThread "G1 Main Marker"            [id=17624, stack(0x0000004e21100000,0x0000004e21200000) (1024K)]
  0x00000172050b7c30 WorkerThread "G1 Conc#0"                       [id=17360, stack(0x0000004e21200000,0x0000004e21300000) (1024K)]
  0x0000017220fb24c0 ConcurrentGCThread "G1 Refine#0"               [id=16300, stack(0x0000004e21300000,0x0000004e21400000) (1024K)]
  0x00000172051171b0 ConcurrentGCThread "G1 Service"                [id=12832, stack(0x0000004e21400000,0x0000004e21500000) (1024K)]
Total: 7

Threads with active compile tasks:
Total: 0

VM state: not at safepoint (normal execution)

VM Mutex/Monitor currently owned by a thread: None

Heap address: 0x0000000081600000, size: 2026 MB, Compressed Oops mode: 32-bit

CDS archive(s) mapped at: [0x0000017222000000-0x0000017222c90000-0x0000017222c90000), size 13172736, SharedBaseAddress: 0x0000017222000000, ArchiveRelocationMode: 1.
Compressed class space mapped at: 0x0000017223000000-0x0000017263000000, reserved size: 1073741824
Narrow klass base: 0x0000017222000000, Narrow klass shift: 0, Narrow klass range: 0x100000000

GC Precious Log:
 CardTable entry size: 512
 Card Set container configuration: InlinePtr #cards 5 size 8 Array Of Cards #cards 12 size 40 Howl #buckets 4 coarsen threshold 1843 Howl Bitmap #cards 512 size 80 coarsen threshold 460 Card regions per heap region 1 cards per card region 2048
 CPUs: 4 total, 4 available
 Memory: 8103M
 Large Page Support: Disabled
 NUMA Support: Disabled
 Compressed Oops: Enabled (32-bit)
 Heap Region Size: 1M
 Heap Min Capacity: 8M
 Heap Initial Capacity: 128M
 Heap Max Capacity: 2026M
 Pre-touch: Disabled
 Parallel Workers: 4
 Concurrent Workers: 1
 Concurrent Refinement Workers: 4
 Periodic GC: Disabled

Heap:
 garbage-first heap   total 131072K, used 2048K [0x0000000081600000, 0x0000000100000000)
  region size 1024K, 3 young (3072K), 0 survivors (0K)
 Metaspace       used 840K, committed 1024K, reserved 1114112K
  class space    used 67K, committed 128K, reserved 1048576K

Heap Regions: E=young(eden), S=young(survivor), O=old, HS=humongous(starts), HC=humongous(continues), CS=collection set, F=free, TAMS=top-at-mark-start, PB=parsable bottom
|   0|0x0000000081600000, 0x0000000081600000, 0x0000000081700000|  0%| F|  |TAMS 0x0000000081600000| PB 0x0000000081600000| Untracked 
|   1|0x0000000081700000, 0x0000000081700000, 0x0000000081800000|  0%| F|  |TAMS 0x0000000081700000| PB 0x0000000081700000| Untracked 
|   2|0x0000000081800000, 0x0000000081800000, 0x0000000081900000|  0%| F|  |TAMS 0x0000000081800000| PB 0x0000000081800000| Untracked 
|   3|0x0000000081900000, 0x0000000081900000, 0x0000000081a00000|  0%| F|  |TAMS 0x0000000081900000| PB 0x0000000081900000| Untracked 
|   4|0x0000000081a00000, 0x0000000081a00000, 0x0000000081b00000|  0%| F|  |TAMS 0x0000000081a00000| PB 0x0000000081a00000| Untracked 
|   5|0x0000000081b00000, 0x0000000081b00000, 0x0000000081c00000|  0%| F|  |TAMS 0x0000000081b00000| PB 0x0000000081b00000| Untracked 
|   6|0x0000000081c00000, 0x0000000081c00000, 0x0000000081d00000|  0%| F|  |TAMS 0x0000000081c00000| PB 0x0000000081c00000| Untracked 
|   7|0x0000000081d00000, 0x0000000081d00000, 0x0000000081e00000|  0%| F|  |TAMS 0x0000000081d00000| PB 0x0000000081d00000| Untracked 
|   8|0x0000000081e00000, 0x0000000081e00000, 0x0000000081f00000|  0%| F|  |TAMS 0x0000000081e00000| PB 0x0000000081e00000| Untracked 
|   9|0x0000000081f00000, 0x0000000081f00000, 0x0000000082000000|  0%| F|  |TAMS 0x0000000081f00000| PB 0x0000000081f00000| Untracked 
|  10|0x0000000082000000, 0x0000000082000000, 0x0000000082100000|  0%| F|  |TAMS 0x0000000082000000| PB 0x0000000082000000| Untracked 
|  11|0x0000000082100000, 0x0000000082100000, 0x0000000082200000|  0%| F|  |TAMS 0x0000000082100000| PB 0x0000000082100000| Untracked 
|  12|0x0000000082200000, 0x0000000082200000, 0x0000000082300000|  0%| F|  |TAMS 0x0000000082200000| PB 0x0000000082200000| Untracked 
|  13|0x0000000082300000, 0x0000000082300000, 0x0000000082400000|  0%| F|  |TAMS 0x0000000082300000| PB 0x0000000082300000| Untracked 
|  14|0x0000000082400000, 0x0000000082400000, 0x0000000082500000|  0%| F|  |TAMS 0x0000000082400000| PB 0x0000000082400000| Untracked 
|  15|0x0000000082500000, 0x0000000082500000, 0x0000000082600000|  0%| F|  |TAMS 0x0000000082500000| PB 0x0000000082500000| Untracked 
|  16|0x0000000082600000, 0x0000000082600000, 0x0000000082700000|  0%| F|  |TAMS 0x0000000082600000| PB 0x0000000082600000| Untracked 
|  17|0x0000000082700000, 0x0000000082700000, 0x0000000082800000|  0%| F|  |TAMS 0x0000000082700000| PB 0x0000000082700000| Untracked 
|  18|0x0000000082800000, 0x0000000082800000, 0x0000000082900000|  0%| F|  |TAMS 0x0000000082800000| PB 0x0000000082800000| Untracked 
|  19|0x0000000082900000, 0x0000000082900000, 0x0000000082a00000|  0%| F|  |TAMS 0x0000000082900000| PB 0x0000000082900000| Untracked 
|  20|0x0000000082a00000, 0x0000000082a00000, 0x0000000082b00000|  0%| F|  |TAMS 0x0000000082a00000| PB 0x0000000082a00000| Untracked 
|  21|0x0000000082b00000, 0x0000000082b00000, 0x0000000082c00000|  0%| F|  |TAMS 0x0000000082b00000| PB 0x0000000082b00000| Untracked 
|  22|0x0000000082c00000, 0x0000000082c00000, 0x0000000082d00000|  0%| F|  |TAMS 0x0000000082c00000| PB 0x0000000082c00000| Untracked 
|  23|0x0000000082d00000, 0x0000000082d00000, 0x0000000082e00000|  0%| F|  |TAMS 0x0000000082d00000| PB 0x0000000082d00000| Untracked 
|  24|0x0000000082e00000, 0x0000000082e00000, 0x0000000082f00000|  0%| F|  |TAMS 0x0000000082e00000| PB 0x0000000082e00000| Untracked 
|  25|0x0000000082f00000, 0x0000000082f00000, 0x0000000083000000|  0%| F|  |TAMS 0x0000000082f00000| PB 0x0000000082f00000| Untracked 
|  26|0x0000000083000000, 0x0000000083000000, 0x0000000083100000|  0%| F|  |TAMS 0x0000000083000000| PB 0x0000000083000000| Untracked 
|  27|0x0000000083100000, 0x0000000083100000, 0x0000000083200000|  0%| F|  |TAMS 0x0000000083100000| PB 0x0000000083100000| Untracked 
|  28|0x0000000083200000, 0x0000000083200000, 0x0000000083300000|  0%| F|  |TAMS 0x0000000083200000| PB 0x0000000083200000| Untracked 
|  29|0x0000000083300000, 0x0000000083300000, 0x0000000083400000|  0%| F|  |TAMS 0x0000000083300000| PB 0x0000000083300000| Untracked 
|  30|0x0000000083400000, 0x0000000083400000, 0x0000000083500000|  0%| F|  |TAMS 0x0000000083400000| PB 0x0000000083400000| Untracked 
|  31|0x0000000083500000, 0x0000000083500000, 0x0000000083600000|  0%| F|  |TAMS 0x0000000083500000| PB 0x0000000083500000| Untracked 
|  32|0x0000000083600000, 0x0000000083600000, 0x0000000083700000|  0%| F|  |TAMS 0x0000000083600000| PB 0x0000000083600000| Untracked 
|  33|0x0000000083700000, 0x0000000083700000, 0x0000000083800000|  0%| F|  |TAMS 0x0000000083700000| PB 0x0000000083700000| Untracked 
|  34|0x0000000083800000, 0x0000000083800000, 0x0000000083900000|  0%| F|  |TAMS 0x0000000083800000| PB 0x0000000083800000| Untracked 
|  35|0x0000000083900000, 0x0000000083900000, 0x0000000083a00000|  0%| F|  |TAMS 0x0000000083900000| PB 0x0000000083900000| Untracked 
|  36|0x0000000083a00000, 0x0000000083a00000, 0x0000000083b00000|  0%| F|  |TAMS 0x0000000083a00000| PB 0x0000000083a00000| Untracked 
|  37|0x0000000083b00000, 0x0000000083b00000, 0x0000000083c00000|  0%| F|  |TAMS 0x0000000083b00000| PB 0x0000000083b00000| Untracked 
|  38|0x0000000083c00000, 0x0000000083c00000, 0x0000000083d00000|  0%| F|  |TAMS 0x0000000083c00000| PB 0x0000000083c00000| Untracked 
|  39|0x0000000083d00000, 0x0000000083d00000, 0x0000000083e00000|  0%| F|  |TAMS 0x0000000083d00000| PB 0x0000000083d00000| Untracked 
|  40|0x0000000083e00000, 0x0000000083e00000, 0x0000000083f00000|  0%| F|  |TAMS 0x0000000083e00000| PB 0x0000000083e00000| Untracked 
|  41|0x0000000083f00000, 0x0000000083f00000, 0x0000000084000000|  0%| F|  |TAMS 0x0000000083f00000| PB 0x0000000083f00000| Untracked 
|  42|0x0000000084000000, 0x0000000084000000, 0x0000000084100000|  0%| F|  |TAMS 0x0000000084000000| PB 0x0000000084000000| Untracked 
|  43|0x0000000084100000, 0x0000000084100000, 0x0000000084200000|  0%| F|  |TAMS 0x0000000084100000| PB 0x0000000084100000| Untracked 
|  44|0x0000000084200000, 0x0000000084200000, 0x0000000084300000|  0%| F|  |TAMS 0x0000000084200000| PB 0x0000000084200000| Untracked 
|  45|0x0000000084300000, 0x0000000084300000, 0x0000000084400000|  0%| F|  |TAMS 0x0000000084300000| PB 0x0000000084300000| Untracked 
|  46|0x0000000084400000, 0x0000000084400000, 0x0000000084500000|  0%| F|  |TAMS 0x0000000084400000| PB 0x0000000084400000| Untracked 
|  47|0x0000000084500000, 0x0000000084500000, 0x0000000084600000|  0%| F|  |TAMS 0x0000000084500000| PB 0x0000000084500000| Untracked 
|  48|0x0000000084600000, 0x0000000084600000, 0x0000000084700000|  0%| F|  |TAMS 0x0000000084600000| PB 0x0000000084600000| Untracked 
|  49|0x0000000084700000, 0x0000000084700000, 0x0000000084800000|  0%| F|  |TAMS 0x0000000084700000| PB 0x0000000084700000| Untracked 
|  50|0x0000000084800000, 0x0000000084800000, 0x0000000084900000|  0%| F|  |TAMS 0x0000000084800000| PB 0x0000000084800000| Untracked 
|  51|0x0000000084900000, 0x0000000084900000, 0x0000000084a00000|  0%| F|  |TAMS 0x0000000084900000| PB 0x0000000084900000| Untracked 
|  52|0x0000000084a00000, 0x0000000084a00000, 0x0000000084b00000|  0%| F|  |TAMS 0x0000000084a00000| PB 0x0000000084a00000| Untracked 
|  53|0x0000000084b00000, 0x0000000084b00000, 0x0000000084c00000|  0%| F|  |TAMS 0x0000000084b00000| PB 0x0000000084b00000| Untracked 
|  54|0x0000000084c00000, 0x0000000084c00000, 0x0000000084d00000|  0%| F|  |TAMS 0x0000000084c00000| PB 0x0000000084c00000| Untracked 
|  55|0x0000000084d00000, 0x0000000084d00000, 0x0000000084e00000|  0%| F|  |TAMS 0x0000000084d00000| PB 0x0000000084d00000| Untracked 
|  56|0x0000000084e00000, 0x0000000084e00000, 0x0000000084f00000|  0%| F|  |TAMS 0x0000000084e00000| PB 0x0000000084e00000| Untracked 
|  57|0x0000000084f00000, 0x0000000084f00000, 0x0000000085000000|  0%| F|  |TAMS 0x0000000084f00000| PB 0x0000000084f00000| Untracked 
|  58|0x0000000085000000, 0x0000000085000000, 0x0000000085100000|  0%| F|  |TAMS 0x0000000085000000| PB 0x0000000085000000| Untracked 
|  59|0x0000000085100000, 0x0000000085100000, 0x0000000085200000|  0%| F|  |TAMS 0x0000000085100000| PB 0x0000000085100000| Untracked 
|  60|0x0000000085200000, 0x0000000085200000, 0x0000000085300000|  0%| F|  |TAMS 0x0000000085200000| PB 0x0000000085200000| Untracked 
|  61|0x0000000085300000, 0x0000000085300000, 0x0000000085400000|  0%| F|  |TAMS 0x0000000085300000| PB 0x0000000085300000| Untracked 
|  62|0x0000000085400000, 0x0000000085400000, 0x0000000085500000|  0%| F|  |TAMS 0x0000000085400000| PB 0x0000000085400000| Untracked 
|  63|0x0000000085500000, 0x0000000085500000, 0x0000000085600000|  0%| F|  |TAMS 0x0000000085500000| PB 0x0000000085500000| Untracked 
|  64|0x0000000085600000, 0x0000000085600000, 0x0000000085700000|  0%| F|  |TAMS 0x0000000085600000| PB 0x0000000085600000| Untracked 
|  65|0x0000000085700000, 0x0000000085700000, 0x0000000085800000|  0%| F|  |TAMS 0x0000000085700000| PB 0x0000000085700000| Untracked 
|  66|0x0000000085800000, 0x0000000085800000, 0x0000000085900000|  0%| F|  |TAMS 0x0000000085800000| PB 0x0000000085800000| Untracked 
|  67|0x0000000085900000, 0x0000000085900000, 0x0000000085a00000|  0%| F|  |TAMS 0x0000000085900000| PB 0x0000000085900000| Untracked 
|  68|0x0000000085a00000, 0x0000000085a00000, 0x0000000085b00000|  0%| F|  |TAMS 0x0000000085a00000| PB 0x0000000085a00000| Untracked 
|  69|0x0000000085b00000, 0x0000000085b00000, 0x0000000085c00000|  0%| F|  |TAMS 0x0000000085b00000| PB 0x0000000085b00000| Untracked 
|  70|0x0000000085c00000, 0x0000000085c00000, 0x0000000085d00000|  0%| F|  |TAMS 0x0000000085c00000| PB 0x0000000085c00000| Untracked 
|  71|0x0000000085d00000, 0x0000000085d00000, 0x0000000085e00000|  0%| F|  |TAMS 0x0000000085d00000| PB 0x0000000085d00000| Untracked 
|  72|0x0000000085e00000, 0x0000000085e00000, 0x0000000085f00000|  0%| F|  |TAMS 0x0000000085e00000| PB 0x0000000085e00000| Untracked 
|  73|0x0000000085f00000, 0x0000000085f00000, 0x0000000086000000|  0%| F|  |TAMS 0x0000000085f00000| PB 0x0000000085f00000| Untracked 
|  74|0x0000000086000000, 0x0000000086000000, 0x0000000086100000|  0%| F|  |TAMS 0x0000000086000000| PB 0x0000000086000000| Untracked 
|  75|0x0000000086100000, 0x0000000086100000, 0x0000000086200000|  0%| F|  |TAMS 0x0000000086100000| PB 0x0000000086100000| Untracked 
|  76|0x0000000086200000, 0x0000000086200000, 0x0000000086300000|  0%| F|  |TAMS 0x0000000086200000| PB 0x0000000086200000| Untracked 
|  77|0x0000000086300000, 0x0000000086300000, 0x0000000086400000|  0%| F|  |TAMS 0x0000000086300000| PB 0x0000000086300000| Untracked 
|  78|0x0000000086400000, 0x0000000086400000, 0x0000000086500000|  0%| F|  |TAMS 0x0000000086400000| PB 0x0000000086400000| Untracked 
|  79|0x0000000086500000, 0x0000000086500000, 0x0000000086600000|  0%| F|  |TAMS 0x0000000086500000| PB 0x0000000086500000| Untracked 
|  80|0x0000000086600000, 0x0000000086600000, 0x0000000086700000|  0%| F|  |TAMS 0x0000000086600000| PB 0x0000000086600000| Untracked 
|  81|0x0000000086700000, 0x0000000086700000, 0x0000000086800000|  0%| F|  |TAMS 0x0000000086700000| PB 0x0000000086700000| Untracked 
|  82|0x0000000086800000, 0x0000000086800000, 0x0000000086900000|  0%| F|  |TAMS 0x0000000086800000| PB 0x0000000086800000| Untracked 
|  83|0x0000000086900000, 0x0000000086900000, 0x0000000086a00000|  0%| F|  |TAMS 0x0000000086900000| PB 0x0000000086900000| Untracked 
|  84|0x0000000086a00000, 0x0000000086a00000, 0x0000000086b00000|  0%| F|  |TAMS 0x0000000086a00000| PB 0x0000000086a00000| Untracked 
|  85|0x0000000086b00000, 0x0000000086b00000, 0x0000000086c00000|  0%| F|  |TAMS 0x0000000086b00000| PB 0x0000000086b00000| Untracked 
|  86|0x0000000086c00000, 0x0000000086c00000, 0x0000000086d00000|  0%| F|  |TAMS 0x0000000086c00000| PB 0x0000000086c00000| Untracked 
|  87|0x0000000086d00000, 0x0000000086d00000, 0x0000000086e00000|  0%| F|  |TAMS 0x0000000086d00000| PB 0x0000000086d00000| Untracked 
|  88|0x0000000086e00000, 0x0000000086e00000, 0x0000000086f00000|  0%| F|  |TAMS 0x0000000086e00000| PB 0x0000000086e00000| Untracked 
|  89|0x0000000086f00000, 0x0000000086f00000, 0x0000000087000000|  0%| F|  |TAMS 0x0000000086f00000| PB 0x0000000086f00000| Untracked 
|  90|0x0000000087000000, 0x0000000087000000, 0x0000000087100000|  0%| F|  |TAMS 0x0000000087000000| PB 0x0000000087000000| Untracked 
|  91|0x0000000087100000, 0x0000000087100000, 0x0000000087200000|  0%| F|  |TAMS 0x0000000087100000| PB 0x0000000087100000| Untracked 
|  92|0x0000000087200000, 0x0000000087200000, 0x0000000087300000|  0%| F|  |TAMS 0x0000000087200000| PB 0x0000000087200000| Untracked 
|  93|0x0000000087300000, 0x0000000087300000, 0x0000000087400000|  0%| F|  |TAMS 0x0000000087300000| PB 0x0000000087300000| Untracked 
|  94|0x0000000087400000, 0x0000000087400000, 0x0000000087500000|  0%| F|  |TAMS 0x0000000087400000| PB 0x0000000087400000| Untracked 
|  95|0x0000000087500000, 0x0000000087500000, 0x0000000087600000|  0%| F|  |TAMS 0x0000000087500000| PB 0x0000000087500000| Untracked 
|  96|0x0000000087600000, 0x0000000087600000, 0x0000000087700000|  0%| F|  |TAMS 0x0000000087600000| PB 0x0000000087600000| Untracked 
|  97|0x0000000087700000, 0x0000000087700000, 0x0000000087800000|  0%| F|  |TAMS 0x0000000087700000| PB 0x0000000087700000| Untracked 
|  98|0x0000000087800000, 0x0000000087800000, 0x0000000087900000|  0%| F|  |TAMS 0x0000000087800000| PB 0x0000000087800000| Untracked 
|  99|0x0000000087900000, 0x0000000087900000, 0x0000000087a00000|  0%| F|  |TAMS 0x0000000087900000| PB 0x0000000087900000| Untracked 
| 100|0x0000000087a00000, 0x0000000087a00000, 0x0000000087b00000|  0%| F|  |TAMS 0x0000000087a00000| PB 0x0000000087a00000| Untracked 
| 101|0x0000000087b00000, 0x0000000087b00000, 0x0000000087c00000|  0%| F|  |TAMS 0x0000000087b00000| PB 0x0000000087b00000| Untracked 
| 102|0x0000000087c00000, 0x0000000087c00000, 0x0000000087d00000|  0%| F|  |TAMS 0x0000000087c00000| PB 0x0000000087c00000| Untracked 
| 103|0x0000000087d00000, 0x0000000087d00000, 0x0000000087e00000|  0%| F|  |TAMS 0x0000000087d00000| PB 0x0000000087d00000| Untracked 
| 104|0x0000000087e00000, 0x0000000087e00000, 0x0000000087f00000|  0%| F|  |TAMS 0x0000000087e00000| PB 0x0000000087e00000| Untracked 
| 105|0x0000000087f00000, 0x0000000087f00000, 0x0000000088000000|  0%| F|  |TAMS 0x0000000087f00000| PB 0x0000000087f00000| Untracked 
| 106|0x0000000088000000, 0x0000000088000000, 0x0000000088100000|  0%| F|  |TAMS 0x0000000088000000| PB 0x0000000088000000| Untracked 
| 107|0x0000000088100000, 0x0000000088100000, 0x0000000088200000|  0%| F|  |TAMS 0x0000000088100000| PB 0x0000000088100000| Untracked 
| 108|0x0000000088200000, 0x0000000088200000, 0x0000000088300000|  0%| F|  |TAMS 0x0000000088200000| PB 0x0000000088200000| Untracked 
| 109|0x0000000088300000, 0x0000000088300000, 0x0000000088400000|  0%| F|  |TAMS 0x0000000088300000| PB 0x0000000088300000| Untracked 
| 110|0x0000000088400000, 0x0000000088400000, 0x0000000088500000|  0%| F|  |TAMS 0x0000000088400000| PB 0x0000000088400000| Untracked 
| 111|0x0000000088500000, 0x0000000088500000, 0x0000000088600000|  0%| F|  |TAMS 0x0000000088500000| PB 0x0000000088500000| Untracked 
| 112|0x0000000088600000, 0x0000000088600000, 0x0000000088700000|  0%| F|  |TAMS 0x0000000088600000| PB 0x0000000088600000| Untracked 
| 113|0x0000000088700000, 0x0000000088700000, 0x0000000088800000|  0%| F|  |TAMS 0x0000000088700000| PB 0x0000000088700000| Untracked 
| 114|0x0000000088800000, 0x0000000088800000, 0x0000000088900000|  0%| F|  |TAMS 0x0000000088800000| PB 0x0000000088800000| Untracked 
| 115|0x0000000088900000, 0x0000000088900000, 0x0000000088a00000|  0%| F|  |TAMS 0x0000000088900000| PB 0x0000000088900000| Untracked 
| 116|0x0000000088a00000, 0x0000000088a00000, 0x0000000088b00000|  0%| F|  |TAMS 0x0000000088a00000| PB 0x0000000088a00000| Untracked 
| 117|0x0000000088b00000, 0x0000000088b00000, 0x0000000088c00000|  0%| F|  |TAMS 0x0000000088b00000| PB 0x0000000088b00000| Untracked 
| 118|0x0000000088c00000, 0x0000000088c00000, 0x0000000088d00000|  0%| F|  |TAMS 0x0000000088c00000| PB 0x0000000088c00000| Untracked 
| 119|0x0000000088d00000, 0x0000000088d00000, 0x0000000088e00000|  0%| F|  |TAMS 0x0000000088d00000| PB 0x0000000088d00000| Untracked 
| 120|0x0000000088e00000, 0x0000000088e00000, 0x0000000088f00000|  0%| F|  |TAMS 0x0000000088e00000| PB 0x0000000088e00000| Untracked 
| 121|0x0000000088f00000, 0x0000000088f00000, 0x0000000089000000|  0%| F|  |TAMS 0x0000000088f00000| PB 0x0000000088f00000| Untracked 
| 122|0x0000000089000000, 0x0000000089000000, 0x0000000089100000|  0%| F|  |TAMS 0x0000000089000000| PB 0x0000000089000000| Untracked 
| 123|0x0000000089100000, 0x0000000089100000, 0x0000000089200000|  0%| F|  |TAMS 0x0000000089100000| PB 0x0000000089100000| Untracked 
| 124|0x0000000089200000, 0x0000000089200000, 0x0000000089300000|  0%| F|  |TAMS 0x0000000089200000| PB 0x0000000089200000| Untracked 
| 125|0x0000000089300000, 0x0000000089400000, 0x0000000089400000|100%| E|  |TAMS 0x0000000089300000| PB 0x0000000089300000| Complete 
| 126|0x0000000089400000, 0x0000000089500000, 0x0000000089500000|100%| E|CS|TAMS 0x0000000089400000| PB 0x0000000089400000| Complete 
| 127|0x0000000089500000, 0x0000000089600000, 0x0000000089600000|100%| E|CS|TAMS 0x0000000089500000| PB 0x0000000089500000| Complete 

Card table byte_map: [0x000001721c8b0000,0x000001721ccb0000] _byte_map_base: 0x000001721c4a5000

Marking Bits: (CMBitMap*) 0x00000172050a4f80
 Bits: [0x000001721ccb0000, 0x000001721ec58000)

Polling page: 0x0000017202f90000

Metaspace:

Usage:
  Non-class:    773.55 KB used.
      Class:     67.18 KB used.
       Both:    840.73 KB used.

Virtual space:
  Non-class space:       64.00 MB reserved,     896.00 KB (  1%) committed,  1 nodes.
      Class space:        1.00 GB reserved,     128.00 KB ( <1%) committed,  1 nodes.
             Both:        1.06 GB reserved,       1.00 MB ( <1%) committed. 

Chunk freelists:
   Non-Class:  11.92 MB
       Class:  15.73 MB
        Both:  27.65 MB

MaxMetaspaceSize: unlimited
CompressedClassSpaceSize: 1.00 GB
Initial GC threshold: 21.00 MB
Current GC threshold: 21.00 MB
CDS: on
 - commit_granule_bytes: 65536.
 - commit_granule_words: 8192.
 - virtual_space_node_default_size: 8388608.
 - enlarge_chunks_in_place: 1.
 - use_allocation_guard: 0.


Internal statistics:

num_allocs_failed_limit: 0.
num_arena_births: 24.
num_arena_deaths: 0.
num_vsnodes_births: 2.
num_vsnodes_deaths: 0.
num_space_committed: 16.
num_space_uncommitted: 0.
num_chunks_returned_to_freelist: 0.
num_chunks_taken_from_freelist: 32.
num_chunk_merges: 0.
num_chunk_splits: 22.
num_chunks_enlarged: 13.
num_inconsistent_stats: 0.

CodeHeap 'non-profiled nmethods': size=120000Kb used=85Kb max_used=85Kb free=119914Kb
 bounds [0x0000017214f80000, 0x00000172151f0000, 0x000001721c4b0000]
CodeHeap 'profiled nmethods': size=120000Kb used=297Kb max_used=297Kb free=119702Kb
 bounds [0x000001720d4b0000, 0x000001720d720000, 0x00000172149e0000]
CodeHeap 'non-nmethods': size=5760Kb used=1302Kb max_used=1312Kb free=4457Kb
 bounds [0x00000172149e0000, 0x0000017214c50000, 0x0000017214f80000]
 total_blobs=681 nmethods=264 adapters=322
 compilation: enabled
              stopped_count=0, restarted_count=0
 full_count=0

Compilation events (20 events):
Event: 0.270 Thread 0x0000017221138110 nmethod 250 0x0000017214f94190 code [0x0000017214f94320, 0x0000017214f943d0]
Event: 0.270 Thread 0x000001722115e780 nmethod 252 0x000001720d4f7590 code [0x000001720d4f7760, 0x000001720d4f7b60]
Event: 0.270 Thread 0x000001722115e780  253       3       java.lang.ref.Reference::<init> (25 bytes)
Event: 0.271 Thread 0x000001722115e780 nmethod 253 0x000001720d4f7d10 code [0x000001720d4f7ec0, 0x000001720d4f8140]
Event: 0.271 Thread 0x000001722115e780  254       1       java.net.URL::getFile (5 bytes)
Event: 0.271 Thread 0x000001722115e780 nmethod 254 0x0000017214f94490 code [0x0000017214f94620, 0x0000017214f946e8]
Event: 0.271 Thread 0x000001722115e780  255       1       java.net.URL::getProtocol (5 bytes)
Event: 0.271 Thread 0x000001722115e780 nmethod 255 0x0000017214f94790 code [0x0000017214f94920, 0x0000017214f949e8]
Event: 0.271 Thread 0x000001722115e780  256       3       java.lang.StringLatin1::indexOf (121 bytes)
Event: 0.272 Thread 0x000001722115e780 nmethod 256 0x000001720d4f8210 code [0x000001720d4f8400, 0x000001720d4f8908]
Event: 0.272 Thread 0x000001722115e780  257       3       jdk.internal.util.Preconditions::checkIndex (18 bytes)
Event: 0.272 Thread 0x000001722115e780 nmethod 257 0x000001720d4f8b90 code [0x000001720d4f8d40, 0x000001720d4f8ee8]
Event: 0.274 Thread 0x0000017221138110  258       4       java.util.Objects::requireNonNull (14 bytes)
Event: 0.274 Thread 0x0000017221138110 nmethod 258 0x0000017214f94a90 code [0x0000017214f94c20, 0x0000017214f94ca8]
Event: 0.277 Thread 0x000001722115e780  260       3       jdk.internal.org.objectweb.asm.SymbolTable::put (150 bytes)
Event: 0.278 Thread 0x000001722115e780 nmethod 260 0x000001720d4f8f90 code [0x000001720d4f9180, 0x000001720d4f9a00]
Event: 0.279 Thread 0x000001722115e780  261       3       java.lang.Enum::<init> (15 bytes)
Event: 0.279 Thread 0x000001722115e780 nmethod 261 0x000001720d4f9d10 code [0x000001720d4f9ec0, 0x000001720d4fa080]
Event: 0.279 Thread 0x000001722115e780  262       3       java.lang.StringLatin1::inflate (34 bytes)
Event: 0.279 Thread 0x000001722115e780 nmethod 262 0x000001720d4fa110 code [0x000001720d4fa2c0, 0x000001720d4fa4c8]

GC Heap History (0 events):
No events

Dll operation events (11 events):
Event: 0.021 Loaded shared library C:\Program Files\Java\jdk-21\bin\java.dll
Event: 0.088 Loaded shared library C:\Program Files\Java\jdk-21\bin\jsvml.dll
Event: 0.199 Loaded shared library C:\Program Files\Java\jdk-21\bin\zip.dll
Event: 0.205 Loaded shared library C:\Program Files\Java\jdk-21\bin\instrument.dll
Event: 0.219 Loaded shared library C:\Program Files\Java\jdk-21\bin\net.dll
Event: 0.222 Loaded shared library C:\Program Files\Java\jdk-21\bin\nio.dll
Event: 0.233 Loaded shared library C:\Program Files\Java\jdk-21\bin\zip.dll
Event: 0.255 Loaded shared library C:\Program Files\JetBrains\IntelliJ IDEA Community Edition 2023.2.4\bin\breakgen64.dll
Event: 0.265 Loaded shared library C:\Program Files\Java\jdk-21\bin\verify.dll
Event: 0.273 Loaded shared library C:\Program Files\Java\jdk-21\bin\extnet.dll
Event: 0.276 Loaded shared library C:\Users\manis\.jssc\windows\jSSC-2.8_x86_64.dll

Deoptimization events (4 events):
Event: 0.257 Thread 0x000001720504cec0 Uncommon trap: trap_request=0xffffff45 fr.pc=0x0000017214f911e4 relative=0x00000000000000c4
Event: 0.257 Thread 0x000001720504cec0 Uncommon trap: reason=unstable_if action=reinterpret pc=0x0000017214f911e4 method=java.lang.String.isLatin1()Z @ 10 c2
Event: 0.257 Thread 0x000001720504cec0 DEOPT PACKING pc=0x0000017214f911e4 sp=0x0000004e20fff200
Event: 0.257 Thread 0x000001720504cec0 DEOPT UNPACKING pc=0x0000017214a346a2 sp=0x0000004e20fff140 mode 2

Classes loaded (20 events):
Event: 0.282 Loading class sun/nio/ch/NativeThread
Event: 0.282 Loading class sun/nio/ch/NativeThread done
Event: 0.283 Loading class java/io/BufferedReader
Event: 0.283 Loading class java/io/BufferedReader done
Event: 0.284 Loading class java/net/Socket$SocketInputStream
Event: 0.284 Loading class java/net/Socket$SocketInputStream done
Event: 0.284 Loading class sun/nio/ch/NioSocketImpl$1
Event: 0.284 Loading class sun/nio/ch/NioSocketImpl$1 done
Event: 0.284 Loading class sun/nio/cs/StreamDecoder
Event: 0.284 Loading class sun/nio/cs/StreamDecoder done
Event: 0.284 Loading class sun/nio/cs/US_ASCII$Decoder
Event: 0.284 Loading class sun/nio/cs/US_ASCII$Decoder done
Event: 0.285 Loading class sun/nio/ch/Util
Event: 0.285 Loading class sun/nio/ch/Util done
Event: 0.285 Loading class sun/nio/ch/Util$1
Event: 0.285 Loading class sun/nio/ch/Util$1 done
Event: 0.285 Loading class sun/nio/ch/Util$BufferCache
Event: 0.285 Loading class sun/nio/ch/Util$BufferCache done
Event: 0.285 Loading class java/nio/DirectByteBuffer$Deallocator
Event: 0.286 Loading class java/nio/DirectByteBuffer$Deallocator done

Classes unloaded (0 events):
No events

Classes redefined (0 events):
No events

Internal exceptions (3 events):
Event: 0.239 Thread 0x000001720504cec0 Exception <a 'java/lang/NoSuchMethodError'{0x000000008935e7e8}: 'void java.lang.invoke.DirectMethodHandle$Holder.invokeStatic(java.lang.Object, java.lang.Object, java.lang.Object)'> (0x000000008935e7e8) 
thrown [s\open\src\hotspot\share\interpreter\linkResolver.cpp, line 773]
Event: 0.247 Thread 0x000001720504cec0 Exception <a 'java/lang/NoSuchMethodError'{0x0000000089375cf0}: 'java.lang.Object java.lang.invoke.Invokers$Holder.invokeExact_MT(java.lang.Object, java.lang.Object, java.lang.Object, java.lang.Object, java.lang.Object)'> (0x0000000089375cf0) 
thrown [s\open\src\hotspot\share\interpreter\linkResolver.cpp, line 773]
Event: 0.276 Thread 0x0000017221443660 Exception <a 'java/lang/NoSuchMethodError'{0x00000000893a8360}: 'void java.lang.invoke.DirectMethodHandle$Holder.invokeStatic(java.lang.Object, java.lang.Object)'> (0x00000000893a8360) 
thrown [s\open\src\hotspot\share\interpreter\linkResolver.cpp, line 773]

ZGC Phase Switch (0 events):
No events

VM Operations (2 events):
Event: 0.162 Executing VM operation: HandshakeAllThreads (Deoptimize)
Event: 0.162 Executing VM operation: HandshakeAllThreads (Deoptimize) done

Events (12 events):
Event: 0.055 Thread 0x000001720504cec0 Thread added: 0x000001720504cec0
Event: 0.084 Thread 0x0000017221122820 Thread added: 0x0000017221122820
Event: 0.084 Thread 0x00000172211245f0 Thread added: 0x00000172211245f0
Event: 0.085 Thread 0x0000017221125cd0 Thread added: 0x0000017221125cd0
Event: 0.085 Thread 0x0000017221128740 Thread added: 0x0000017221128740
Event: 0.085 Thread 0x00000172211291a0 Thread added: 0x00000172211291a0
Event: 0.085 Thread 0x0000017221129d30 Thread added: 0x0000017221129d30
Event: 0.085 Thread 0x0000017221138110 Thread added: 0x0000017221138110
Event: 0.085 Thread 0x000001722115e780 Thread added: 0x000001722115e780
Event: 0.146 Thread 0x0000017221362260 Thread added: 0x0000017221362260
Event: 0.256 Thread 0x0000017221443660 Thread added: 0x0000017221443660
Event: 0.256 Thread 0x0000017221443cd0 Thread added: 0x0000017221443cd0


Dynamic libraries:
0x00007ff7ef150000 - 0x00007ff7ef160000 	C:\Program Files\Java\jdk-21\bin\java.exe
0x00007ff9b49d0000 - 0x00007ff9b4be7000 	C:\Windows\SYSTEM32\ntdll.dll
0x00007ff9b34a0000 - 0x00007ff9b3564000 	C:\Windows\System32\KERNEL32.DLL
0x00007ff9b22d0000 - 0x00007ff9b2675000 	C:\Windows\System32\KERNELBASE.dll
0x00007ff9b1d40000 - 0x00007ff9b1e51000 	C:\Windows\System32\ucrtbase.dll
0x00007ff9aa550000 - 0x00007ff9aa56b000 	C:\Program Files\Java\jdk-21\bin\VCRUNTIME140.dll
0x00007ff9a9d00000 - 0x00007ff9a9d19000 	C:\Program Files\Java\jdk-21\bin\jli.dll
0x00007ff9b31c0000 - 0x00007ff9b3271000 	C:\Windows\System32\ADVAPI32.dll
0x00007ff9b3b00000 - 0x00007ff9b3ba7000 	C:\Windows\System32\msvcrt.dll
0x00007ff9b3a00000 - 0x00007ff9b3aa6000 	C:\Windows\System32\sechost.dll
0x00007ff9b4870000 - 0x00007ff9b4987000 	C:\Windows\System32\RPCRT4.dll
0x00007ff9b2d20000 - 0x00007ff9b2ece000 	C:\Windows\System32\USER32.dll
0x00007ff9b1e60000 - 0x00007ff9b1e86000 	C:\Windows\System32\win32u.dll
0x00007ff9b2720000 - 0x00007ff9b2749000 	C:\Windows\System32\GDI32.dll
0x00007ff9b2000000 - 0x00007ff9b2119000 	C:\Windows\System32\gdi32full.dll
0x00007ff9b2680000 - 0x00007ff9b271a000 	C:\Windows\System32\msvcp_win.dll
0x00007ff9b0f00000 - 0x00007ff9b1193000 	C:\Windows\WinSxS\amd64_microsoft.windows.common-controls_6595b64144ccf1df_6.0.22621.2506_none_270c5ae97388e100\COMCTL32.dll
0x00007ff9ae0e0000 - 0x00007ff9ae0ea000 	C:\Windows\SYSTEM32\VERSION.dll
0x00007ff9b3d30000 - 0x00007ff9b3d61000 	C:\Windows\System32\IMM32.DLL
0x00007ff9b0720000 - 0x00007ff9b072c000 	C:\Program Files\Java\jdk-21\bin\vcruntime140_1.dll
0x00007ff99f460000 - 0x00007ff99f4ee000 	C:\Program Files\Java\jdk-21\bin\msvcp140.dll
0x00007ff948480000 - 0x00007ff949195000 	C:\Program Files\Java\jdk-21\bin\server\jvm.dll
0x00007ff9b3380000 - 0x00007ff9b33f1000 	C:\Windows\System32\WS2_32.dll
0x00007ff9b1c10000 - 0x00007ff9b1c5d000 	C:\Windows\SYSTEM32\POWRPROF.dll
0x00007ff9a8a50000 - 0x00007ff9a8a84000 	C:\Windows\SYSTEM32\WINMM.dll
0x00007ff9b1bf0000 - 0x00007ff9b1c03000 	C:\Windows\SYSTEM32\UMPDC.dll
0x00007ff9afdd0000 - 0x00007ff9afde8000 	C:\Windows\SYSTEM32\kernel.appcore.dll
0x00007ff9b0570000 - 0x00007ff9b057a000 	C:\Program Files\Java\jdk-21\bin\jimage.dll
0x00007ff9b15c0000 - 0x00007ff9b17f3000 	C:\Windows\SYSTEM32\DBGHELP.DLL
0x00007ff9b3670000 - 0x00007ff9b39f9000 	C:\Windows\System32\combase.dll
0x00007ff9b4790000 - 0x00007ff9b4867000 	C:\Windows\System32\OLEAUT32.dll
0x00007ff9b1480000 - 0x00007ff9b14b2000 	C:\Windows\SYSTEM32\dbgcore.DLL
0x00007ff9b2250000 - 0x00007ff9b22ca000 	C:\Windows\System32\bcryptPrimitives.dll
0x00007ff9b0530000 - 0x00007ff9b053f000 	C:\Program Files\Java\jdk-21\bin\instrument.dll
0x00007ff9a0320000 - 0x00007ff9a033f000 	C:\Program Files\Java\jdk-21\bin\java.dll
0x00007ff9b3f30000 - 0x00007ff9b4789000 	C:\Windows\System32\SHELL32.dll
0x00007ff9aed50000 - 0x00007ff9af644000 	C:\Windows\SYSTEM32\windows.storage.dll
0x00007ff9aec10000 - 0x00007ff9aed4e000 	C:\Windows\SYSTEM32\wintypes.dll
0x00007ff9b3280000 - 0x00007ff9b3373000 	C:\Windows\System32\SHCORE.dll
0x00007ff9b2750000 - 0x00007ff9b27ae000 	C:\Windows\System32\shlwapi.dll
0x00007ff9b1c70000 - 0x00007ff9b1c96000 	C:\Windows\SYSTEM32\profapi.dll
0x00007ff99d300000 - 0x00007ff99d3d7000 	C:\Program Files\Java\jdk-21\bin\jsvml.dll
0x00007ff99f890000 - 0x00007ff99f8a8000 	C:\Program Files\Java\jdk-21\bin\zip.dll
0x00007ff9b0460000 - 0x00007ff9b0470000 	C:\Program Files\Java\jdk-21\bin\net.dll
0x00007ff9a79d0000 - 0x00007ff9a7b07000 	C:\Windows\SYSTEM32\WINHTTP.dll
0x00007ff9b0aa0000 - 0x00007ff9b0b09000 	C:\Windows\system32\mswsock.dll
0x00007ff99f770000 - 0x00007ff99f786000 	C:\Program Files\Java\jdk-21\bin\nio.dll
0x00007ff99f750000 - 0x00007ff99f76a000 	C:\Program Files\JetBrains\IntelliJ IDEA Community Edition 2023.2.4\bin\breakgen64.dll
0x00007ff9ab0b0000 - 0x00007ff9ab0c0000 	C:\Program Files\Java\jdk-21\bin\verify.dll
0x00007ff9a0140000 - 0x00007ff9a0147000 	C:\Program Files\Java\jdk-21\bin\extnet.dll
0x0000000071100000 - 0x0000000071125000 	C:\Users\manis\.jssc\windows\jSSC-2.8_x86_64.dll

dbghelp: loaded successfully - version: 4.0.5 - missing functions: none
symbol engine: initialized successfully - sym options: 0x614 - pdb path: .;C:\Program Files\Java\jdk-21\bin;C:\Windows\SYSTEM32;C:\Windows\WinSxS\amd64_microsoft.windows.common-controls_6595b64144ccf1df_6.0.22621.2506_none_270c5ae97388e100;C:\Program Files\Java\jdk-21\bin\server;C:\Program Files\JetBrains\IntelliJ IDEA Community Edition 2023.2.4\bin;C:\Users\manis\.jssc\windows

VM Arguments:
jvm_args: -javaagent:C:\Program Files\JetBrains\IntelliJ IDEA Community Edition 2023.2.4\lib\idea_rt.jar=63752:C:\Program Files\JetBrains\IntelliJ IDEA Community Edition 2023.2.4\bin -Dfile.encoding=UTF-8 -Dsun.stdout.encoding=UTF-8 -Dsun.stderr.encoding=UTF-8 
java_command: SerialReader
java_class_path (initial): D:\vs codes\javaAugBatch\mysql-connector-j-8.2.0;C:\Users\manis\IdeaProjects\jdbc project\out\production\jdbc project;C:\Users\manis\IdeaProjects\jdbc project;C:\Users\manis\Desktop\mysql-connector-j-8.2.0\mysql-connector-j-8.2.0.jar;C:\Users\manis\Downloads\RXTXcomm.jar;C:\Users\manis\Downloads\jSSC-2.8.0-Release\jSSC-2.8.0-Release\jssc.jar
Launcher Type: SUN_STANDARD

[Global flags]
     intx CICompilerCount                          = 3                                         {product} {ergonomic}
     uint ConcGCThreads                            = 1                                         {product} {ergonomic}
     uint G1ConcRefinementThreads                  = 4                                         {product} {ergonomic}
   size_t G1HeapRegionSize                         = 1048576                                   {product} {ergonomic}
    uintx GCDrainStackTargetSize                   = 64                                        {product} {ergonomic}
   size_t InitialHeapSize                          = 134217728                                 {product} {ergonomic}
   size_t MarkStackSize                            = 4194304                                   {product} {ergonomic}
   size_t MaxHeapSize                              = 2124414976                                {product} {ergonomic}
   size_t MaxNewSize                               = 1274019840                                {product} {ergonomic}
   size_t MinHeapDeltaBytes                        = 1048576                                   {product} {ergonomic}
   size_t MinHeapSize                              = 8388608                                   {product} {ergonomic}
    uintx NonNMethodCodeHeapSize                   = 5832780                                {pd product} {ergonomic}
    uintx NonProfiledCodeHeapSize                  = 122912730                              {pd product} {ergonomic}
    uintx ProfiledCodeHeapSize                     = 122912730                              {pd product} {ergonomic}
    uintx ReservedCodeCacheSize                    = 251658240                              {pd product} {ergonomic}
     bool SegmentedCodeCache                       = true                                      {product} {ergonomic}
   size_t SoftMaxHeapSize                          = 2124414976                             {manageable} {ergonomic}
     bool UseCompressedOops                        = true                           {product lp64_product} {ergonomic}
     bool UseG1GC                                  = true                                      {product} {ergonomic}
     bool UseLargePagesIndividualAllocation        = false                                  {pd product} {ergonomic}

Logging:
Log output configuration:
 #0: stdout all=warning uptime,level,tags foldmultilines=false
 #1: stderr all=off uptime,level,tags foldmultilines=false

Environment Variables:
PATH=C:\Program Files\Common Files\Oracle\Java\javapath;C:\Program Files (x86)\Common Files\Oracle\Java\javapath;C:\Python312\Scripts\;C:\Python312\;C:\Windows\system32;C:\Windows;C:\Windows\System32\Wbem;C:\Windows\System32\WindowsPowerShell\v1.0\;C:\Windows\System32\OpenSSH\;C:\Program Files\nodejs\;C:\ProgramData\chocolatey\bin;C:\Program Files\MySQL\MySQL Shell 8.0\bin\;C:\Users\manis\AppData\Local\Microsoft\WindowsApps;;C:\Users\manis\AppData\Local\Programs\Microsoft VS Code\bin;C:\Program Files\JetBrains\IntelliJ IDEA Community Edition 2023.2.4\bin;;C:\Users\manis\AppData\Roaming\npm
USERNAME=manis
OS=Windows_NT
PROCESSOR_IDENTIFIER=Intel64 Family 6 Model 142 Stepping 9, GenuineIntel
TMP=C:\Users\manis\AppData\Local\Temp
TEMP=C:\Users\manis\AppData\Local\Temp




Periodic native trim disabled

---------------  S Y S T E M  ---------------

OS:
 Windows 11 , 64 bit Build 22621 (10.0.22621.2506)
OS uptime: 9 days 21:36 hours

CPU: total 4 (initial active 4) (2 cores per cpu, 2 threads per core) family 6 model 142 stepping 9 microcode 0xde, cx8, cmov, fxsr, ht, mmx, 3dnowpref, sse, sse2, sse3, ssse3, sse4.1, sse4.2, popcnt, lzcnt, tsc, tscinvbit, avx, avx2, aes, erms, clmul, bmi1, bmi2, adx, fma, vzeroupper, clflush, clflushopt, rdtscp, f16c
Processor Information for processor 0
  Max Mhz: 2401, Current Mhz: 2401, Mhz Limit: 2401
Processor Information for processor 1
  Max Mhz: 2401, Current Mhz: 2401, Mhz Limit: 2401
Processor Information for processor 2
  Max Mhz: 2401, Current Mhz: 1500, Mhz Limit: 2401
Processor Information for processor 3
  Max Mhz: 2401, Current Mhz: 2401, Mhz Limit: 2401

Memory: 4k page, system-wide physical 8103M (2078M free)
TotalPageFile size 11815M (AvailPageFile size 2581M)
current process WorkingSet (physical memory assigned to process): 39M, peak: 39M
current process commit charge ("private bytes"): 202M, peak: 202M

vm_info: Java HotSpot(TM) 64-Bit Server VM (21.0.1+12-LTS-29) for windows-amd64 JRE (21.0.1+12-LTS-29), built on 2023-10-05T13:27:09Z by "mach5one" with MS VC++ 17.1 (VS2022)

END.
